<?xml version="1.0" encoding="UTF-8"?>
<testng-results skipped="0" failed="0" total="1" passed="1">
  <reporter-output>
  </reporter-output>
  <suite name="Command line suite" duration-ms="13" started-at="2019-04-09T10:27:49Z" finished-at="2019-04-09T10:27:49Z">
    <groups>
    </groups>
    <test name="Command line test" duration-ms="13" started-at="2019-04-09T10:27:49Z" finished-at="2019-04-09T10:27:49Z">
      <class name="OrangeHRM.Orange1.AppTest">
        <test-method status="PASS" signature="testApp()[pri:0, instance:testApp(OrangeHRM.Orange1.AppTest)]" name="testApp" duration-ms="0" started-at="2019-04-09T15:57:49Z" finished-at="2019-04-09T15:57:49Z">
          <reporter-output>
          </reporter-output>
        </test-method> <!-- testApp -->
      </class> <!-- OrangeHRM.Orange1.AppTest -->
    </test> <!-- Command line test -->
  </suite> <!-- Command line suite -->
</testng-results>
