<?xml version="1.0" encoding="UTF-8"?>
<testng-results skipped="0" failed="0" total="1" passed="1">
  <reporter-output>
  </reporter-output>
  <suite name="Command line suite" duration-ms="63941" started-at="2019-04-09T10:26:45Z" finished-at="2019-04-09T10:27:49Z">
    <groups>
    </groups>
    <test name="Command line test" duration-ms="63941" started-at="2019-04-09T10:26:45Z" finished-at="2019-04-09T10:27:49Z">
      <class name="DriverFactory.AppTest">
        <test-method status="PASS" signature="kickStart()[pri:0, instance:DriverFactory.AppTest@77b52d12]" name="kickStart" duration-ms="63917" started-at="2019-04-09T15:56:45Z" finished-at="2019-04-09T15:57:49Z">
          <reporter-output>
          </reporter-output>
        </test-method> <!-- kickStart -->
      </class> <!-- DriverFactory.AppTest -->
    </test> <!-- Command line test -->
  </suite> <!-- Command line suite -->
</testng-results>
